<?xml version="1.0" encoding="UTF-8"?>
<!-- Generated by org.testng.reporters.JUnitReportReporter -->
<testsuite skipped="0" hostname="SUBROY03" name="cucuPractise.Daily" tests="1" failures="0" timestamp="10 Sep 2018 12:41:21 GMT" time="47.653" errors="0">
  <testcase name="f" time="47.653" classname="cucuPractise.Daily"/>
</testsuite> <!-- cucuPractise.Daily -->
