<?xml version="1.0" encoding="UTF-8"?>
<!-- Generated by org.testng.reporters.JUnitReportReporter -->
<testsuite hostname="SUBROY03" name="cucuPractise.Daily" tests="1" failures="0" timestamp="31 Jan 2019 03:31:21 GMT" time="55.206" errors="0">
  <testcase name="f" time="55.206" classname="cucuPractise.Daily"/>
</testsuite> <!-- cucuPractise.Daily -->
